<?xml version="1.0" encoding="UTF-8"?>
<testng-results skipped="0" failed="0" ignored="0" total="3" passed="3">
  <reporter-output>
  </reporter-output>
  <suite name="Default suite" duration-ms="20168" started-at="2019-01-25T05:25:35Z" finished-at="2019-01-25T05:25:55Z">
    <groups>
    </groups>
    <test name="Default test" duration-ms="20168" started-at="2019-01-25T05:25:35Z" finished-at="2019-01-25T05:25:55Z">
      <class name="com.training.functional.tests.FilterCustomerTest">
        <test-method status="PASS" signature="setUpBeforeClass()[pri:0, instance:com.training.functional.tests.FilterCustomerTest@47c62251]" name="setUpBeforeClass" is-config="true" duration-ms="10" started-at="2019-01-25T05:25:35Z" finished-at="2019-01-25T05:25:35Z">
          <reporter-output>
          </reporter-output>
        </test-method> <!-- setUpBeforeClass -->
        <test-method status="PASS" signature="setUp()[pri:0, instance:com.training.functional.tests.FilterCustomerTest@47c62251]" name="setUp" is-config="true" duration-ms="6062" started-at="2019-01-25T05:25:35Z" finished-at="2019-01-25T05:25:41Z">
          <reporter-output>
          </reporter-output>
        </test-method> <!-- setUp -->
        <test-method status="PASS" signature="filterCustomerTest()[pri:0, instance:com.training.functional.tests.FilterCustomerTest@47c62251]" name="filterCustomerTest" duration-ms="9569" started-at="2019-01-25T05:25:41Z" finished-at="2019-01-25T05:25:51Z">
          <reporter-output>
          </reporter-output>
        </test-method> <!-- filterCustomerTest -->
        <test-method status="PASS" signature="filterCustomerByName()[pri:1, instance:com.training.functional.tests.FilterCustomerTest@47c62251]" name="filterCustomerByName" duration-ms="1547" started-at="2019-01-25T05:25:51Z" finished-at="2019-01-25T05:25:52Z">
          <reporter-output>
          </reporter-output>
        </test-method> <!-- filterCustomerByName -->
        <test-method status="PASS" signature="filterCustomerByMail()[pri:2, instance:com.training.functional.tests.FilterCustomerTest@47c62251]" name="filterCustomerByMail" duration-ms="1160" started-at="2019-01-25T05:25:52Z" finished-at="2019-01-25T05:25:53Z">
          <reporter-output>
          </reporter-output>
        </test-method> <!-- filterCustomerByMail -->
        <test-method status="PASS" signature="tearDown()[pri:0, instance:com.training.functional.tests.FilterCustomerTest@47c62251]" name="tearDown" is-config="true" duration-ms="1785" started-at="2019-01-25T05:25:53Z" finished-at="2019-01-25T05:25:55Z">
          <reporter-output>
          </reporter-output>
        </test-method> <!-- tearDown -->
      </class> <!-- com.training.functional.tests.FilterCustomerTest -->
    </test> <!-- Default test -->
  </suite> <!-- Default suite -->
</testng-results>
