<?xml version="1.0" encoding="UTF-8"?>
<!-- Generated by org.testng.reporters.JUnitXMLReporter -->
<testsuite hostname="IBM955-PC09G4RA" ignored="0" name="Default test" tests="3" failures="0" timestamp="25 Jan 2019 05:25:55 GMT" time="20.168" errors="0">
  <testcase name="filterCustomerTest" time="9.569" classname="com.training.functional.tests.FilterCustomerTest"/>
  <testcase name="filterCustomerByName" time="1.547" classname="com.training.functional.tests.FilterCustomerTest"/>
  <testcase name="filterCustomerByMail" time="1.16" classname="com.training.functional.tests.FilterCustomerTest"/>
</testsuite> <!-- Default test -->
